2017-07-25 09:02:48,892: INFO [S1P2608]->UEBAMon.exe: CCDAPluginModule::CreateNewProcess CreateProcess Success Path = c:\ueba\plugin\Com.Isearch.Func.SetHook\UEBASetHook.exe pid = 2964
2017-07-25 09:02:48,908: INFO [S1P2608]->UEBAMon.exe: CCDAPluginModule::CreateNewProcess CreateProcess Success Path = c:\ueba\plugin\Com.Isearch.Func.Tray\UEBATray.exe pid = 2884
2017-07-25 09:02:48,908: INFO [S1P2608]->UEBAMon.exe: CCDAPluginModule::StartPlugin LoadLibrary  Success Path = c:\ueba\plugin\Com.Isearch.Monitor.Printer\UEBAMonitorPrinter.dll
2017-07-25 09:02:48,939: INFO [S1P2608]->UEBAMon.exe->UEBAMonitorPrinter.dll: CUEBAWorkThread::WorkThreadProc Start
2017-07-25 09:02:48,939: INFO [S1P2608]->UEBAMon.exe->UEBAMonitorPrinter.dll: CUEBAMonitorPrinter::Initialize  success
2017-07-25 09:02:48,939: INFO [S1P2608]->UEBAMon.exe: CCDAGlobalHook::InitPlugin 插件个数：21 注入进程个数：25
2017-07-25 09:02:48,954: INFO [S1P2608]->UEBAMon.exe: CCDAGlobalHook::WaitEvent UEBAMon 初始化成功
2017-07-25 09:02:48,986: INFO [S1P2608]->UEBAMon.exe->UEBAMonitorPrinter.dll: CUEBAMonitorPrinter::PreMessageLoop Microsoft XPS Document Writer
2017-07-25 09:02:49,001: INFO [S1P2608]->UEBAMon.exe->UEBAMonitorPrinter.dll: CUEBAMonitorPrinter::PreMessageLoop Fax
2017-07-25 09:04:30,376: INFO [S1P2608]->UEBAMon.exe: CCDAGlobalHook::EnumNewProcesses 发现新进程 pid = 3432
2017-07-25 09:05:50,482: INFO [S1P2608]->UEBAMon.exe: CCDAGlobalHook::EnumNewProcesses 发现新进程 pid = 1376
2017-07-25 09:05:50,482: INFO [S1P2608]->UEBAMon.exe: CCDAGlobalHook::EnumNewProcesses 发现新进程 pid = 3128
2017-07-25 09:05:51,496: INFO [S1P2608]->UEBAMon.exe: CCDAGlobalHook::EnumNewProcesses 发现新进程 pid = 1228
2017-07-25 09:06:40,168: INFO [S1P2608]->UEBAMon.exe: CCDAGlobalHook::EnumNewProcesses 发现新进程 pid = 864
2017-07-25 09:06:40,168: INFO [S1P2608]->UEBAMon.exe: CCDAGlobalHook::EnumNewProcesses 发现新进程 pid = 1312
2017-07-25 09:06:40,168: INFO [S1P2608]->UEBAMon.exe: CCDAGlobalHook::EnumNewProcesses 发现新进程 pid = 2844
2017-07-25 09:06:44,224: INFO [S1P2608]->UEBAMon.exe: CCDAGlobalHook::EnumNewProcesses 发现新进程 pid = 916
2017-07-25 09:06:48,280: INFO [S1P2608]->UEBAMon.exe: CCDAGlobalHook::EnumNewProcesses 发现新进程 pid = 3468
2017-07-25 09:06:48,280: INFO [S1P2608]->UEBAMon.exe: CCDAGlobalHook::InjectDll 开始注入进程 GitHub.exe 3468 c:\ueba\plugin\Com.Isearch.Monitor.GitHub\UEBAMonitorGitHub.dll
2017-07-25 09:06:52,343: INFO [S1P2608]->UEBAMon.exe: CCDAGlobalHook::EnumNewProcesses 发现新进程 pid = 4092
2017-07-25 09:06:55,381: INFO [S1P2608]->UEBAMon.exe: CCDAGlobalHook::EnumNewProcesses 发现新进程 pid = 1656
2017-07-25 09:06:55,381: INFO [S1P2608]->UEBAMon.exe: CCDAGlobalHook::EnumNewProcesses 发现新进程 pid = 2404
2017-07-25 09:06:55,381: INFO [S1P2608]->UEBAMon.exe: CCDAGlobalHook::EnumNewProcesses 发现新进程 pid = 3044
2017-07-25 09:06:56,395: INFO [S1P2608]->UEBAMon.exe: CCDAGlobalHook::EnumNewProcesses 发现新进程 pid = 3648
2017-07-25 09:06:56,395: INFO [S1P2608]->UEBAMon.exe: CCDAGlobalHook::EnumNewProcesses 发现新进程 pid = 3740
2017-07-25 09:07:59,265: INFO [S1P2608]->UEBAMon.exe: CCDAGlobalHook::EnumNewProcesses 发现新进程 pid = 3312
2017-07-25 09:08:04,338: INFO [S1P2608]->UEBAMon.exe: CCDAGlobalHook::EnumNewProcesses 发现新进程 pid = 2408
2017-07-25 09:08:57,062: INFO [S1P2608]->UEBAMon.exe: CCDAGlobalHook::EnumNewProcesses 发现新进程 pid = 2796
2017-07-25 09:08:57,062: INFO [S1P2608]->UEBAMon.exe: CCDAGlobalHook::EnumNewProcesses 发现新进程 pid = 2900
2017-07-25 09:08:57,062: INFO [S1P2608]->UEBAMon.exe: CCDAGlobalHook::EnumNewProcesses 发现新进程 pid = 3064
2017-07-25 09:08:57,062: INFO [S1P2608]->UEBAMon.exe: CCDAGlobalHook::InjectDll 开始注入进程 XshellCore.exe 2796 c:\ueba\plugin\Com.Isearch.Monitor.Xshell\UEBAMonitorXShell.dll
2017-07-25 09:08:57,171: INFO [S1P2608]->UEBAMon.exe: CCDAGlobalHook::InjectDll 开始注入进程 Xshell.exe 2900 c:\ueba\plugin\Com.Isearch.Monitor.Xshell\UEBAMonitorXShell.dll
2017-07-25 09:09:15,394: INFO [S1P2608]->UEBAMon.exe: CCDAGlobalHook::EnumNewProcesses 发现新进程 pid = 2084
2017-07-25 09:10:06,090: INFO [S1P2608]->UEBAMon.exe: CCDAGlobalHook::EnumNewProcesses 发现新进程 pid = 3932
2017-07-25 09:10:06,091: INFO [S1P2608]->UEBAMon.exe: CCDAGlobalHook::EnumNewProcesses 发现新进程 pid = 4084
2017-07-25 09:10:06,092: INFO [S1P2608]->UEBAMon.exe: CCDAGlobalHook::InjectDll 开始注入进程 iexplore.exe 3932 c:\ueba\plugin\Com.Isearch.Monitor.Iexplore\UEBAMonitorIexplore.dll
2017-07-25 09:10:06,196: INFO [S1P2608]->UEBAMon.exe: CCDAGlobalHook::InjectDll 开始注入进程 iexplore.exe 4084 c:\ueba\plugin\Com.Isearch.Monitor.Iexplore\UEBAMonitorIexplore.dll
2017-07-25 09:11:04,903: INFO [S1P2608]->UEBAMon.exe: CCDAGlobalHook::EnumNewProcesses 发现新进程 pid = 2208
2017-07-25 09:11:04,904: INFO [S1P2608]->UEBAMon.exe: CCDAGlobalHook::InjectDll 开始注入进程 iexplore.exe 2208 c:\ueba\plugin\Com.Isearch.Monitor.Iexplore\UEBAMonitorIexplore.dll
2017-07-25 09:11:37,351: INFO [S1P2608]->UEBAMon.exe: CCDAGlobalHook::EnumNewProcesses 发现新进程 pid = 3744
2017-07-25 09:11:42,420: INFO [S1P2608]->UEBAMon.exe: CCDAGlobalHook::EnumNewProcesses 发现新进程 pid = 2580
2017-07-25 09:11:42,420: INFO [S1P2608]->UEBAMon.exe: CCDAGlobalHook::InjectDll 开始注入进程 iexplore.exe 2580 c:\ueba\plugin\Com.Isearch.Monitor.Iexplore\UEBAMonitorIexplore.dll
2017-07-25 09:13:37,133: INFO [S1P2608]->UEBAMon.exe: CCDAGlobalHook::EnumNewProcesses 发现新进程 pid = 1380
2017-07-25 09:13:37,133: INFO [S1P2608]->UEBAMon.exe: CCDAGlobalHook::InjectDll 开始注入进程 GitHub.exe 1380 c:\ueba\plugin\Com.Isearch.Monitor.GitHub\UEBAMonitorGitHub.dll
2017-07-25 09:13:38,147: INFO [S1P2608]->UEBAMon.exe: CCDAGlobalHook::EnumNewProcesses 发现新进程 pid = 340
2017-07-25 09:13:38,147: INFO [S1P2608]->UEBAMon.exe: CCDAGlobalHook::EnumNewProcesses 发现新进程 pid = 2484
2017-07-25 09:13:39,163: INFO [S1P2608]->UEBAMon.exe: CCDAGlobalHook::EnumNewProcesses 发现新进程 pid = 3396
2017-07-25 09:13:39,163: INFO [S1P2608]->UEBAMon.exe: CCDAGlobalHook::EnumNewProcesses 发现新进程 pid = 3808
2017-07-25 09:13:43,219: INFO [S1P2608]->UEBAMon.exe: CCDAGlobalHook::EnumNewProcesses 发现新进程 pid = 3348
2017-07-25 09:13:43,219: INFO [S1P2608]->UEBAMon.exe: CCDAGlobalHook::InjectDll 开始注入进程 GitHub.exe 3348 c:\ueba\plugin\Com.Isearch.Monitor.GitHub\UEBAMonitorGitHub.dll
2017-07-25 09:13:46,255: INFO [S1P2608]->UEBAMon.exe: CCDAGlobalHook::EnumNewProcesses 发现新进程 pid = 1020
2017-07-25 09:13:46,255: INFO [S1P2608]->UEBAMon.exe: CCDAGlobalHook::EnumNewProcesses 发现新进程 pid = 2076
2017-07-25 09:13:46,255: INFO [S1P2608]->UEBAMon.exe: CCDAGlobalHook::EnumNewProcesses 发现新进程 pid = 2552
2017-07-25 09:13:46,255: INFO [S1P2608]->UEBAMon.exe: CCDAGlobalHook::EnumNewProcesses 发现新进程 pid = 4108
2017-07-25 09:13:50,314: INFO [S1P2608]->UEBAMon.exe: CCDAGlobalHook::EnumNewProcesses 发现新进程 pid = 4220
2017-07-25 09:13:50,314: INFO [S1P2608]->UEBAMon.exe: CCDAGlobalHook::EnumNewProcesses 发现新进程 pid = 4320
2017-07-25 09:14:27,829: INFO [S1P2608]->UEBAMon.exe: CCDAGlobalHook::EnumNewProcesses 发现新进程 pid = 4784
2017-07-25 09:14:27,829: INFO [S1P2608]->UEBAMon.exe: CCDAGlobalHook::EnumNewProcesses 发现新进程 pid = 4792
2017-07-25 09:14:57,235: INFO [S1P2608]->UEBAMon.exe: CCDAGlobalHook::EnumNewProcesses 发现新进程 pid = 5080
2017-07-25 09:15:22,584: INFO [S1P2608]->UEBAMon.exe: CCDAGlobalHook::EnumNewProcesses 发现新进程 pid = 4476
2017-07-25 09:15:22,584: INFO [S1P2608]->UEBAMon.exe: CCDAGlobalHook::EnumNewProcesses 发现新进程 pid = 4516
2017-07-25 09:15:39,824: INFO [S1P2608]->UEBAMon.exe: CCDAGlobalHook::EnumNewProcesses 发现新进程 pid = 3080
2017-07-25 09:15:39,824: INFO [S1P2608]->UEBAMon.exe: CCDAGlobalHook::EnumNewProcesses 发现新进程 pid = 4592
2017-07-25 09:17:34,406: INFO [S1P2608]->UEBAMon.exe: CCDAGlobalHook::EnumNewProcesses 发现新进程 pid = 2360
2017-07-25 09:17:34,406: INFO [S1P2608]->UEBAMon.exe: CCDAGlobalHook::EnumNewProcesses 发现新进程 pid = 5032
2017-07-25 09:18:46,401: INFO [S1P2608]->UEBAMon.exe: CCDAGlobalHook::EnumNewProcesses 发现新进程 pid = 4532
2017-07-25 09:19:07,697: INFO [S1P2608]->UEBAMon.exe: CCDAGlobalHook::EnumNewProcesses 发现新进程 pid = 2676
2017-07-25 09:19:19,886: INFO [S1P2608]->UEBAMon.exe: CCDAGlobalHook::EnumNewProcesses 发现新进程 pid = 3324
2017-07-25 09:19:25,947: INFO [S1P2608]->UEBAMon.exe: CCDAGlobalHook::EnumNewProcesses 发现新进程 pid = 2556
2017-07-25 09:19:26,961: INFO [S1P2608]->UEBAMon.exe: CCDAGlobalHook::EnumNewProcesses 发现新进程 pid = 3960
2017-07-25 09:19:40,144: INFO [S1P2608]->UEBAMon.exe: CCDAGlobalHook::EnumNewProcesses 发现新进程 pid = 4996
2017-07-25 09:19:58,400: INFO [S1P2608]->UEBAMon.exe: CCDAGlobalHook::EnumNewProcesses 发现新进程 pid = 4068
2017-07-25 09:20:10,562: INFO [S1P2608]->UEBAMon.exe: CCDAGlobalHook::EnumNewProcesses 发现新进程 pid = 4828
2017-07-25 09:21:02,295: INFO [S1P2608]->UEBAMon.exe: CCDAGlobalHook::EnumNewProcesses 发现新进程 pid = 2976
2017-07-25 09:21:02,295: INFO [S1P2608]->UEBAMon.exe: CCDAGlobalHook::EnumNewProcesses 发现新进程 pid = 5080
2017-07-25 09:22:16,312: INFO [S1P2608]->UEBAMon.exe: CCDAGlobalHook::EnumNewProcesses 发现新进程 pid = 3448
2017-07-25 09:22:17,326: INFO [S1P2608]->UEBAMon.exe: CCDAGlobalHook::EnumNewProcesses 发现新进程 pid = 5088
2017-07-25 09:23:56,889: INFO [S1P2608]->UEBAMon.exe: CCDAGlobalHook::EnumNewProcesses 发现新进程 pid = 3288
2017-07-25 09:24:00,956: INFO [S1P2608]->UEBAMon.exe: CCDAGlobalHook::EnumNewProcesses 发现新进程 pid = 3688
2017-07-25 09:24:01,970: INFO [S1P2608]->UEBAMon.exe: CCDAGlobalHook::EnumNewProcesses 发现新进程 pid = 2388
2017-07-25 09:24:01,970: INFO [S1P2608]->UEBAMon.exe: CCDAGlobalHook::EnumNewProcesses 发现新进程 pid = 3776
2017-07-25 09:24:14,138: INFO [S1P2608]->UEBAMon.exe: CCDAGlobalHook::EnumNewProcesses 发现新进程 pid = 5072
2017-07-25 09:24:37,524: INFO [S1P2608]->UEBAMon.exe: CCDAGlobalHook::EnumNewProcesses 发现新进程 pid = 4772
2017-07-25 09:24:37,524: INFO [S1P2608]->UEBAMon.exe: CCDAGlobalHook::InjectDll 开始注入进程 GitHub.exe 4772 c:\ueba\plugin\Com.Isearch.Monitor.GitHub\UEBAMonitorGitHub.dll
2017-07-25 09:24:38,538: INFO [S1P2608]->UEBAMon.exe: CCDAGlobalHook::EnumNewProcesses 发现新进程 pid = 4752
2017-07-25 09:24:39,552: INFO [S1P2608]->UEBAMon.exe: CCDAGlobalHook::EnumNewProcesses 发现新进程 pid = 2632
2017-07-25 09:24:39,552: INFO [S1P2608]->UEBAMon.exe: CCDAGlobalHook::EnumNewProcesses 发现新进程 pid = 3208
2017-07-25 09:24:52,735: INFO [S1P2608]->UEBAMon.exe: CCDAGlobalHook::EnumNewProcesses 发现新进程 pid = 1476
2017-07-25 09:24:52,735: INFO [S1P2608]->UEBAMon.exe: CCDAGlobalHook::InjectDll 开始注入进程 GitHub.exe 1476 c:\ueba\plugin\Com.Isearch.Monitor.GitHub\UEBAMonitorGitHub.dll
2017-07-25 09:24:55,774: INFO [S1P2608]->UEBAMon.exe: CCDAGlobalHook::EnumNewProcesses 发现新进程 pid = 4272
2017-07-25 09:25:00,833: INFO [S1P2608]->UEBAMon.exe: CCDAGlobalHook::EnumNewProcesses 发现新进程 pid = 2648
2017-07-25 09:25:14,097: INFO [S1P2608]->UEBAMon.exe: CCDAGlobalHook::EnumNewProcesses 发现新进程 pid = 1844
2017-07-25 09:25:15,029: INFO [S1P2608]->UEBAMon.exe: CCDAGlobalHook::EnumNewProcesses 发现新进程 pid = 1800
2017-07-25 09:25:15,029: INFO [S1P2608]->UEBAMon.exe: CCDAGlobalHook::EnumNewProcesses 发现新进程 pid = 5096
2017-07-25 09:25:46,464: INFO [S1P2608]->UEBAMon.exe: CCDAGlobalHook::EnumNewProcesses 发现新进程 pid = 3424
2017-07-25 09:25:47,478: INFO [S1P2608]->UEBAMon.exe: CCDAGlobalHook::EnumNewProcesses 发现新进程 pid = 3880
2017-07-25 09:25:54,576: INFO [S1P2608]->UEBAMon.exe: CCDAGlobalHook::EnumNewProcesses 发现新进程 pid = 2084
2017-07-25 09:26:01,682: INFO [S1P2608]->UEBAMon.exe: CCDAGlobalHook::EnumNewProcesses 发现新进程 pid = 3892
2017-07-25 09:26:02,696: INFO [S1P2608]->UEBAMon.exe: CCDAGlobalHook::EnumNewProcesses 发现新进程 pid = 2540
2017-07-25 09:26:06,986: INFO [S1P2608]->UEBAMon.exe: CCDAGlobalHook::EnumNewProcesses 发现新进程 pid = 2164
2017-07-25 09:26:23,210: INFO [S1P2608]->UEBAMon.exe: CCDAGlobalHook::EnumNewProcesses 发现新进程 pid = 4528
2017-07-25 09:26:29,294: INFO [S1P2608]->UEBAMon.exe: CCDAGlobalHook::EnumNewProcesses 发现新进程 pid = 2296
2017-07-25 09:26:36,392: INFO [S1P2608]->UEBAMon.exe: CCDAGlobalHook::EnumNewProcesses 发现新进程 pid = 4268
2017-07-25 09:26:36,392: INFO [S1P2608]->UEBAMon.exe: CCDAGlobalHook::EnumNewProcesses 发现新进程 pid = 4892
2017-07-25 09:26:42,476: INFO [S1P2608]->UEBAMon.exe: CCDAGlobalHook::EnumNewProcesses 发现新进程 pid = 2040
2017-07-25 09:26:48,560: INFO [S1P2608]->UEBAMon.exe: CCDAGlobalHook::EnumNewProcesses 发现新进程 pid = 4328
2017-07-25 09:26:48,684: INFO [S1P2608]->UEBAMon.exe: CCDAGlobalHook::OnObjectsPluginProcess 21
2017-07-25 09:26:48,684: INFO [S1P2608]->UEBAMon.exe: CCDAPluginModule::CreateNewProcess CreateProcess Success Path = c:\ueba\plugin\Com.Isearch.Func.Tray\UEBATray.exe pid = 1112
2017-07-25 09:26:48,700: INFO [S1P2608]->UEBAMon.exe: CCDAGlobalHook::OnObjectsChildProcess
2017-07-25 09:26:48,700: INFO [S1P2608]->UEBAMon.exe: CCDAGlobalHook::OnObjectsPluginProcess 20
2017-07-25 09:26:48,700: INFO [S1P2608]->UEBAMon.exe: CCDAPluginModule::CreateNewProcess CreateProcess Success Path = c:\ueba\plugin\Com.Isearch.Func.SetHook\UEBASetHook.exe pid = 3020
2017-07-25 09:26:48,716: INFO [S1P2608]->UEBAMon.exe: CCDAGlobalHook::OnObjectsPluginProcess 20
2017-07-25 09:28:35,162: INFO [S1P2560]->UEBAMon.exe: CCDAPluginModule::CreateNewProcess CreateProcess Success Path = c:\ueba\plugin\Com.Isearch.Func.SetHook\UEBASetHook.exe pid = 1516
2017-07-25 09:28:35,209: INFO [S1P2560]->UEBAMon.exe: CCDAPluginModule::CreateNewProcess CreateProcess Success Path = c:\ueba\plugin\Com.Isearch.Func.Tray\UEBATray.exe pid = 2416
2017-07-25 09:28:35,209: INFO [S1P2560]->UEBAMon.exe: CCDAPluginModule::StartPlugin LoadLibrary  Success Path = c:\ueba\plugin\Com.Isearch.Monitor.Printer\UEBAMonitorPrinter.dll
2017-07-25 09:28:35,240: INFO [S1P2560]->UEBAMon.exe->UEBAMonitorPrinter.dll: CUEBAMonitorPrinter::Initialize  success
2017-07-25 09:28:35,240: INFO [S1P2560]->UEBAMon.exe: CCDAGlobalHook::InitPlugin 插件个数：21 注入进程个数：25
2017-07-25 09:28:35,240: INFO [S1P2560]->UEBAMon.exe: CCDAGlobalHook::WaitEvent UEBAMon 初始化成功
2017-07-25 09:28:35,240: INFO [S1P2560]->UEBAMon.exe->UEBAMonitorPrinter.dll: CUEBAWorkThread::WorkThreadProc Start
2017-07-25 09:28:35,490: INFO [S1P2560]->UEBAMon.exe->UEBAMonitorPrinter.dll: CUEBAMonitorPrinter::PreMessageLoop Microsoft XPS Document Writer
2017-07-25 09:28:35,490: INFO [S1P2560]->UEBAMon.exe->UEBAMonitorPrinter.dll: CUEBAMonitorPrinter::PreMessageLoop Fax
2017-07-25 09:28:39,951: INFO [S1P2560]->UEBAMon.exe: CCDAGlobalHook::OnObjectsParentProcess
2017-07-25 09:28:39,951: INFO [S1P2560]->UEBAMon.exe: CCDAGlobalHook::OnObjectsAlterServiceProcess
2017-07-25 09:28:39,951: INFO [S1P2560]->UEBAMon.exe: CCDAGlobalHook::WaitEvent UEBAMon 程序退出 退出事件ID = 4
2017-07-25 09:28:39,951: INFO [S1P2560]->UEBAMon.exe->UEBAMonitorPrinter.dll: CUEBAMonitorPrinter::~CUEBAMonitorPrinter unload success
2017-07-25 09:28:39,951: INFO [S1P2560]->UEBAMon.exe->UEBAMonitorPrinter.dll: CUEBAWorkThread::~CUEBAWorkThread unload success
2017-07-25 09:28:47,923: INFO [S1P3780]->UEBAMon.exe: CCDAPluginModule::CreateNewProcess CreateProcess Success Path = c:\ueba\plugin\Com.Isearch.Func.SetHook\UEBASetHook.exe pid = 3824
2017-07-25 09:28:47,923: INFO [S1P3780]->UEBAMon.exe: CCDAPluginModule::StartPlugin OpenProcess Success processname = UEBATray.exe pid = 2416
2017-07-25 09:28:47,923: INFO [S1P3780]->UEBAMon.exe: CCDAPluginModule::StartPlugin LoadLibrary  Success Path = c:\ueba\plugin\Com.Isearch.Monitor.Printer\UEBAMonitorPrinter.dll
2017-07-25 09:28:47,939: INFO [S1P3780]->UEBAMon.exe->UEBAMonitorPrinter.dll: CUEBAMonitorPrinter::Initialize  success
2017-07-25 09:28:47,939: INFO [S1P3780]->UEBAMon.exe->UEBAMonitorPrinter.dll: CUEBAWorkThread::WorkThreadProc Start
2017-07-25 09:28:47,939: INFO [S1P3780]->UEBAMon.exe: CCDAGlobalHook::InitPlugin 插件个数：21 注入进程个数：25
2017-07-25 09:28:47,939: INFO [S1P3780]->UEBAMon.exe: CCDAGlobalHook::InjectDll 开始注入进程 GitHub.exe 3580 c:\ueba\plugin\Com.Isearch.Monitor.GitHub\UEBAMonitorGitHub.dll
2017-07-25 09:28:47,985: INFO [S1P3780]->UEBAMon.exe->UEBAMonitorPrinter.dll: CUEBAMonitorPrinter::PreMessageLoop Microsoft Print to PDF#:3
2017-07-25 09:28:47,985: INFO [S1P3780]->UEBAMon.exe->UEBAMonitorPrinter.dll: CUEBAMonitorPrinter::PreMessageLoop Fax#:4
2017-07-25 09:28:47,985: INFO [S1P3780]->UEBAMon.exe->UEBAMonitorPrinter.dll: CUEBAMonitorPrinter::PreMessageLoop HP LaserJet Professional P1606dn#:5
2017-07-25 09:28:47,985: INFO [S1P3780]->UEBAMon.exe->UEBAMonitorPrinter.dll: CUEBAMonitorPrinter::PreMessageLoop Microsoft XPS Document Writer
2017-07-25 09:28:47,985: INFO [S1P3780]->UEBAMon.exe->UEBAMonitorPrinter.dll: CUEBAMonitorPrinter::PreMessageLoop Fax
2017-07-25 09:28:47,985: INFO [S1P3780]->UEBAMon.exe: CCDAGlobalHook::WaitEvent UEBAMon 初始化成功
2017-07-25 09:28:51,016: INFO [S1P3780]->UEBAMon.exe: CCDAGlobalHook::EnumNewProcesses 发现新进程 pid = 3084
2017-07-25 09:28:51,017: INFO [S1P3780]->UEBAMon.exe: CCDAGlobalHook::EnumNewProcesses 发现新进程 pid = 3100
2017-07-25 09:28:51,017: INFO [S1P3780]->UEBAMon.exe: CCDAGlobalHook::EnumNewProcesses 发现新进程 pid = 4076
2017-07-25 09:28:51,018: INFO [S1P3780]->UEBAMon.exe: CCDAGlobalHook::EnumNewProcesses 发现新进程 pid = 4092
2017-07-25 09:28:52,050: INFO [S1P3780]->UEBAMon.exe: CCDAGlobalHook::EnumNewProcesses 发现新进程 pid = 3276
2017-07-25 09:28:56,106: INFO [S1P3780]->UEBAMon.exe: CCDAGlobalHook::EnumNewProcesses 发现新进程 pid = 3352
2017-07-25 09:28:59,146: INFO [S1P3780]->UEBAMon.exe: CCDAGlobalHook::EnumNewProcesses 发现新进程 pid = 3464
2017-07-25 09:29:16,394: INFO [S1P3780]->UEBAMon.exe: CCDAGlobalHook::EnumNewProcesses 发现新进程 pid = 3392
2017-07-25 09:30:04,049: INFO [S1P3780]->UEBAMon.exe: CCDAGlobalHook::EnumNewProcesses 发现新进程 pid = 3284
2017-07-25 09:30:06,077: INFO [S1P3780]->UEBAMon.exe: CCDAGlobalHook::EnumNewProcesses 发现新进程 pid = 3876
2017-07-25 09:30:11,149: INFO [S1P3780]->UEBAMon.exe: CCDAGlobalHook::EnumNewProcesses 发现新进程 pid = 3944
2017-07-25 09:30:13,177: INFO [S1P3780]->UEBAMon.exe: CCDAGlobalHook::EnumNewProcesses 发现新进程 pid = 2600
2017-07-25 09:30:15,205: INFO [S1P3780]->UEBAMon.exe: CCDAGlobalHook::EnumNewProcesses 发现新进程 pid = 2060
2017-07-25 09:30:16,219: INFO [S1P3780]->UEBAMon.exe: CCDAGlobalHook::EnumNewProcesses 发现新进程 pid = 3016
2017-07-25 09:30:16,219: INFO [S1P3780]->UEBAMon.exe: CCDAGlobalHook::EnumNewProcesses 发现新进程 pid = 3368
2017-07-25 09:30:18,247: INFO [S1P3780]->UEBAMon.exe: CCDAGlobalHook::EnumNewProcesses 发现新进程 pid = 384
2017-07-25 09:30:18,247: INFO [S1P3780]->UEBAMon.exe: CCDAGlobalHook::EnumNewProcesses 发现新进程 pid = 2876
2017-07-25 09:30:20,275: INFO [S1P3780]->UEBAMon.exe: CCDAGlobalHook::EnumNewProcesses 发现新进程 pid = 2852
2017-07-25 09:30:21,289: INFO [S1P3780]->UEBAMon.exe: CCDAGlobalHook::EnumNewProcesses 发现新进程 pid = 3756
2017-07-25 09:30:22,303: INFO [S1P3780]->UEBAMon.exe: CCDAGlobalHook::EnumNewProcesses 发现新进程 pid = 2716
2017-07-25 09:30:23,312: INFO [S1P3780]->UEBAMon.exe: CCDAGlobalHook::EnumNewProcesses 发现新进程 pid = 2280
2017-07-25 09:30:24,326: INFO [S1P3780]->UEBAMon.exe: CCDAGlobalHook::EnumNewProcesses 发现新进程 pid = 1220
2017-07-25 09:30:25,340: INFO [S1P3780]->UEBAMon.exe: CCDAGlobalHook::EnumNewProcesses 发现新进程 pid = 1304
2017-07-25 09:30:27,368: INFO [S1P3780]->UEBAMon.exe: CCDAGlobalHook::EnumNewProcesses 发现新进程 pid = 2064
2017-07-25 09:30:28,382: INFO [S1P3780]->UEBAMon.exe: CCDAGlobalHook::EnumNewProcesses 发现新进程 pid = 2336
2017-07-25 09:30:29,396: INFO [S1P3780]->UEBAMon.exe: CCDAGlobalHook::EnumNewProcesses 发现新进程 pid = 852
2017-07-25 09:30:29,396: INFO [S1P3780]->UEBAMon.exe: CCDAGlobalHook::EnumNewProcesses 发现新进程 pid = 1320
2017-07-25 09:30:30,410: INFO [S1P3780]->UEBAMon.exe: CCDAGlobalHook::EnumNewProcesses 发现新进程 pid = 3260
2017-07-25 09:30:36,511: INFO [S1P3780]->UEBAMon.exe: CCDAGlobalHook::EnumNewProcesses 发现新进程 pid = 2568
2017-07-25 09:30:36,511: INFO [S1P3780]->UEBAMon.exe: CCDAGlobalHook::EnumNewProcesses 发现新进程 pid = 3756
2017-07-25 09:30:42,595: INFO [S1P3780]->UEBAMon.exe: CCDAGlobalHook::EnumNewProcesses 发现新进程 pid = 1440
2017-07-25 09:30:44,623: INFO [S1P3780]->UEBAMon.exe: CCDAGlobalHook::EnumNewProcesses 发现新进程 pid = 208
2017-07-25 09:30:56,791: INFO [S1P3780]->UEBAMon.exe: CCDAGlobalHook::EnumNewProcesses 发现新进程 pid = 344
2017-07-25 09:30:56,791: INFO [S1P3780]->UEBAMon.exe: CCDAGlobalHook::EnumNewProcesses 发现新进程 pid = 516
2017-07-25 09:30:56,791: INFO [S1P3780]->UEBAMon.exe: CCDAGlobalHook::EnumNewProcesses 发现新进程 pid = 2744
2017-07-25 09:31:06,931: INFO [S1P3780]->UEBAMon.exe: CCDAGlobalHook::EnumNewProcesses 发现新进程 pid = 1708
2017-07-25 09:31:06,931: INFO [S1P3780]->UEBAMon.exe: CCDAGlobalHook::EnumNewProcesses 发现新进程 pid = 2324
2017-07-25 09:31:06,931: INFO [S1P3780]->UEBAMon.exe: CCDAGlobalHook::EnumNewProcesses 发现新进程 pid = 2944
2017-07-25 09:31:13,015: INFO [S1P3780]->UEBAMon.exe: CCDAGlobalHook::EnumNewProcesses 发现新进程 pid = 1612
2017-07-25 09:31:13,015: INFO [S1P3780]->UEBAMon.exe: CCDAGlobalHook::EnumNewProcesses 发现新进程 pid = 3260
2017-07-25 09:31:26,197: INFO [S1P3780]->UEBAMon.exe: CCDAGlobalHook::EnumNewProcesses 发现新进程 pid = 3648
2017-07-25 09:31:29,239: INFO [S1P3780]->UEBAMon.exe: CCDAGlobalHook::EnumNewProcesses 发现新进程 pid = 2800
2017-07-25 09:31:30,253: INFO [S1P3780]->UEBAMon.exe: CCDAGlobalHook::EnumNewProcesses 发现新进程 pid = 3356
2017-07-25 09:31:31,267: INFO [S1P3780]->UEBAMon.exe: CCDAGlobalHook::EnumNewProcesses 发现新进程 pid = 2260
2017-07-25 09:31:31,267: INFO [S1P3780]->UEBAMon.exe: CCDAGlobalHook::EnumNewProcesses 发现新进程 pid = 3392
2017-07-25 09:31:32,281: INFO [S1P3780]->UEBAMon.exe: CCDAGlobalHook::EnumNewProcesses 发现新进程 pid = 3600
2017-07-25 09:31:34,309: INFO [S1P3780]->UEBAMon.exe: CCDAGlobalHook::EnumNewProcesses 发现新进程 pid = 2896
2017-07-25 09:31:37,350: INFO [S1P3780]->UEBAMon.exe: CCDAGlobalHook::EnumNewProcesses 发现新进程 pid = 1288
2017-07-25 09:31:54,593: INFO [S1P3780]->UEBAMon.exe: CCDAGlobalHook::EnumNewProcesses 发现新进程 pid = 1824
2017-07-25 09:31:54,593: INFO [S1P3780]->UEBAMon.exe: CCDAGlobalHook::EnumNewProcesses 发现新进程 pid = 3516
2017-07-25 09:31:54,593: INFO [S1P3780]->UEBAMon.exe: CCDAGlobalHook::InjectDll 开始注入进程 iexplore.exe 1824 c:\ueba\plugin\Com.Isearch.Monitor.Iexplore\UEBAMonitorIexplore.dll
2017-07-25 09:31:54,702: INFO [S1P3780]->UEBAMon.exe: CCDAGlobalHook::InjectDll 开始注入进程 iexplore.exe 3516 c:\ueba\plugin\Com.Isearch.Monitor.Iexplore\UEBAMonitorIexplore.dll
2017-07-25 09:31:57,635: INFO [S1P3780]->UEBAMon.exe: CCDAGlobalHook::EnumNewProcesses 发现新进程 pid = 1104
2017-07-25 09:31:57,635: INFO [S1P3780]->UEBAMon.exe: CCDAGlobalHook::InjectDll 开始注入进程 GitHub.exe 1104 c:\ueba\plugin\Com.Isearch.Monitor.GitHub\UEBAMonitorGitHub.dll
2017-07-25 09:32:01,711: INFO [S1P3780]->UEBAMon.exe: CCDAGlobalHook::EnumNewProcesses 发现新进程 pid = 1160
2017-07-25 09:32:01,711: INFO [S1P3780]->UEBAMon.exe: CCDAGlobalHook::EnumNewProcesses 发现新进程 pid = 2496
2017-07-25 09:32:01,712: INFO [S1P3780]->UEBAMon.exe: CCDAGlobalHook::EnumNewProcesses 发现新进程 pid = 2704
2017-07-25 09:32:01,712: INFO [S1P3780]->UEBAMon.exe: CCDAGlobalHook::EnumNewProcesses 发现新进程 pid = 3132
2017-07-25 09:32:01,712: INFO [S1P3780]->UEBAMon.exe: CCDAGlobalHook::EnumNewProcesses 发现新进程 pid = 3148
2017-07-25 09:32:01,712: INFO [S1P3780]->UEBAMon.exe: CCDAGlobalHook::EnumNewProcesses 发现新进程 pid = 3176
2017-07-25 09:32:02,730: INFO [S1P3780]->UEBAMon.exe: CCDAGlobalHook::EnumNewProcesses 发现新进程 pid = 1644
2017-07-25 09:32:02,730: INFO [S1P3780]->UEBAMon.exe: CCDAGlobalHook::InjectDll 开始注入进程 GitHub.exe 1644 c:\ueba\plugin\Com.Isearch.Monitor.GitHub\UEBAMonitorGitHub.dll
2017-07-25 09:32:05,768: INFO [S1P3780]->UEBAMon.exe: CCDAGlobalHook::EnumNewProcesses 发现新进程 pid = 2064
2017-07-25 09:32:05,768: INFO [S1P3780]->UEBAMon.exe: CCDAGlobalHook::EnumNewProcesses 发现新进程 pid = 3756
2017-07-25 09:32:06,782: INFO [S1P3780]->UEBAMon.exe: CCDAGlobalHook::EnumNewProcesses 发现新进程 pid = 3220
2017-07-25 09:32:07,795: INFO [S1P3780]->UEBAMon.exe: CCDAGlobalHook::EnumNewProcesses 发现新进程 pid = 2744
2017-07-25 09:32:09,825: INFO [S1P3780]->UEBAMon.exe: CCDAGlobalHook::EnumNewProcesses 发现新进程 pid = 1824
2017-07-25 09:32:09,825: INFO [S1P3780]->UEBAMon.exe: CCDAGlobalHook::EnumNewProcesses 发现新进程 pid = 2152
2017-07-25 09:32:09,825: INFO [S1P3780]->UEBAMon.exe: CCDAGlobalHook::EnumNewProcesses 发现新进程 pid = 2392
2017-07-25 09:32:09,825: INFO [S1P3780]->UEBAMon.exe: CCDAGlobalHook::EnumNewProcesses 发现新进程 pid = 4052
2017-07-25 09:32:10,837: INFO [S1P3780]->UEBAMon.exe: CCDAGlobalHook::EnumNewProcesses 发现新进程 pid = 3084
2017-07-25 09:32:13,879: INFO [S1P3780]->UEBAMon.exe: CCDAGlobalHook::EnumNewProcesses 发现新进程 pid = 1208
2017-07-25 09:32:13,879: INFO [S1P3780]->UEBAMon.exe: CCDAGlobalHook::EnumNewProcesses 发现新进程 pid = 1288
2017-07-25 09:32:13,879: INFO [S1P3780]->UEBAMon.exe: CCDAGlobalHook::EnumNewProcesses 发现新进程 pid = 1840
2017-07-25 09:32:13,879: INFO [S1P3780]->UEBAMon.exe: CCDAGlobalHook::EnumNewProcesses 发现新进程 pid = 3152
2017-07-25 09:32:39,230: INFO [S1P3780]->UEBAMon.exe: CCDAGlobalHook::EnumNewProcesses 发现新进程 pid = 4524
2017-07-25 09:32:39,230: INFO [S1P3780]->UEBAMon.exe: CCDAGlobalHook::EnumNewProcesses 发现新进程 pid = 4532
2017-07-25 09:33:09,649: INFO [S1P3780]->UEBAMon.exe: CCDAGlobalHook::EnumNewProcesses 发现新进程 pid = 2044
2017-07-25 09:33:22,832: INFO [S1P3780]->UEBAMon.exe: CCDAGlobalHook::EnumNewProcesses 发现新进程 pid = 3000
2017-07-25 09:33:22,832: INFO [S1P3780]->UEBAMon.exe: CCDAGlobalHook::EnumNewProcesses 发现新进程 pid = 3156
2017-07-25 09:33:42,098: INFO [S1P3780]->UEBAMon.exe: CCDAGlobalHook::EnumNewProcesses 发现新进程 pid = 2920
2017-07-25 09:33:42,098: INFO [S1P3780]->UEBAMon.exe: CCDAGlobalHook::EnumNewProcesses 发现新进程 pid = 4500
2017-07-25 09:33:42,098: INFO [S1P3780]->UEBAMon.exe: CCDAGlobalHook::EnumNewProcesses 发现新进程 pid = 4516
2017-07-25 09:33:44,126: INFO [S1P3780]->UEBAMon.exe: CCDAGlobalHook::EnumNewProcesses 发现新进程 pid = 4540
2017-07-25 09:33:44,126: INFO [S1P3780]->UEBAMon.exe: CCDAGlobalHook::EnumNewProcesses 发现新进程 pid = 4556
2017-07-25 09:33:44,126: INFO [S1P3780]->UEBAMon.exe: CCDAGlobalHook::InjectDll 开始注入进程 GitHub.exe 4556 c:\ueba\plugin\Com.Isearch.Monitor.GitHub\UEBAMonitorGitHub.dll
2017-07-25 09:33:46,154: INFO [S1P3780]->UEBAMon.exe: CCDAGlobalHook::EnumNewProcesses 发现新进程 pid = 4628
2017-07-25 09:33:46,154: INFO [S1P3780]->UEBAMon.exe: CCDAGlobalHook::EnumNewProcesses 发现新进程 pid = 4636
2017-07-25 09:33:46,155: INFO [S1P3780]->UEBAMon.exe: CCDAGlobalHook::InjectDll 开始注入进程 GitHub.exe 4628 c:\ueba\plugin\Com.Isearch.Monitor.GitHub\UEBAMonitorGitHub.dll
2017-07-25 09:33:48,184: INFO [S1P3780]->UEBAMon.exe: CCDAGlobalHook::EnumNewProcesses 发现新进程 pid = 3240
2017-07-25 09:33:54,265: INFO [S1P3780]->UEBAMon.exe: CCDAGlobalHook::EnumNewProcesses 发现新进程 pid = 4252
2017-07-25 09:33:54,266: INFO [S1P3780]->UEBAMon.exe: CCDAGlobalHook::EnumNewProcesses 发现新进程 pid = 4724
2017-07-25 09:33:54,266: INFO [S1P3780]->UEBAMon.exe: CCDAGlobalHook::EnumNewProcesses 发现新进程 pid = 4756
2017-07-25 09:33:54,266: INFO [S1P3780]->UEBAMon.exe: CCDAGlobalHook::EnumNewProcesses 发现新进程 pid = 4760
2017-07-25 09:33:55,279: INFO [S1P3780]->UEBAMon.exe: CCDAGlobalHook::EnumNewProcesses 发现新进程 pid = 1920
2017-07-25 09:33:55,279: INFO [S1P3780]->UEBAMon.exe: CCDAGlobalHook::EnumNewProcesses 发现新进程 pid = 2484
2017-07-25 09:33:55,279: INFO [S1P3780]->UEBAMon.exe: CCDAGlobalHook::EnumNewProcesses 发现新进程 pid = 2768
2017-07-25 09:33:55,279: INFO [S1P3780]->UEBAMon.exe: CCDAGlobalHook::EnumNewProcesses 发现新进程 pid = 3224
2017-07-25 09:33:55,281: INFO [S1P3780]->UEBAMon.exe: CCDAGlobalHook::EnumNewProcesses 发现新进程 pid = 3476
2017-07-25 09:33:55,281: INFO [S1P3780]->UEBAMon.exe: CCDAGlobalHook::EnumNewProcesses 发现新进程 pid = 3752
2017-07-25 09:33:57,309: INFO [S1P3780]->UEBAMon.exe: CCDAGlobalHook::EnumNewProcesses 发现新进程 pid = 2852
2017-07-25 09:33:57,309: INFO [S1P3780]->UEBAMon.exe: CCDAGlobalHook::EnumNewProcesses 发现新进程 pid = 4336
2017-07-25 09:33:57,309: INFO [S1P3780]->UEBAMon.exe: CCDAGlobalHook::EnumNewProcesses 发现新进程 pid = 4368
2017-07-25 09:33:59,336: INFO [S1P3780]->UEBAMon.exe: CCDAGlobalHook::EnumNewProcesses 发现新进程 pid = 4352
2017-07-25 09:33:59,336: INFO [S1P3780]->UEBAMon.exe: CCDAGlobalHook::EnumNewProcesses 发现新进程 pid = 4412
2017-07-25 09:33:59,337: INFO [S1P3780]->UEBAMon.exe: CCDAGlobalHook::InjectDll 开始注入进程 GitHub.exe 4412 c:\ueba\plugin\Com.Isearch.Monitor.GitHub\UEBAMonitorGitHub.dll
2017-07-25 09:34:01,365: INFO [S1P3780]->UEBAMon.exe: CCDAGlobalHook::EnumNewProcesses 发现新进程 pid = 1600
2017-07-25 09:34:01,365: INFO [S1P3780]->UEBAMon.exe: CCDAGlobalHook::EnumNewProcesses 发现新进程 pid = 3588
2017-07-25 09:34:01,365: INFO [S1P3780]->UEBAMon.exe: CCDAGlobalHook::InjectDll 开始注入进程 GitHub.exe 3588 c:\ueba\plugin\Com.Isearch.Monitor.GitHub\UEBAMonitorGitHub.dll
2017-07-25 09:36:27,382: INFO [S1P3780]->UEBAMon.exe: CCDAGlobalHook::EnumNewProcesses 发现新进程 pid = 1812
2017-07-25 09:36:33,466: INFO [S1P3780]->UEBAMon.exe: CCDAGlobalHook::EnumNewProcesses 发现新进程 pid = 3276
2017-07-25 09:37:08,051: INFO [S1P3780]->UEBAMon.exe: CCDAGlobalHook::EnumNewProcesses 发现新进程 pid = 2968
2017-07-25 09:37:18,298: INFO [S1P3780]->UEBAMon.exe: CCDAGlobalHook::EnumNewProcesses 发现新进程 pid = 4448
2017-07-25 09:37:27,426: INFO [S1P3780]->UEBAMon.exe: CCDAGlobalHook::EnumNewProcesses 发现新进程 pid = 3156
2017-07-25 09:37:27,426: INFO [S1P3780]->UEBAMon.exe: CCDAGlobalHook::EnumNewProcesses 发现新进程 pid = 4276
2017-07-25 09:37:27,426: INFO [S1P3780]->UEBAMon.exe: CCDAGlobalHook::EnumNewProcesses 发现新进程 pid = 4352
2017-07-25 09:37:28,439: INFO [S1P3780]->UEBAMon.exe: CCDAGlobalHook::EnumNewProcesses 发现新进程 pid = 304
2017-07-25 09:37:28,440: INFO [S1P3780]->UEBAMon.exe: CCDAGlobalHook::EnumNewProcesses 发现新进程 pid = 988
2017-07-25 09:37:28,440: INFO [S1P3780]->UEBAMon.exe: CCDAGlobalHook::EnumNewProcesses 发现新进程 pid = 4804
2017-07-25 09:37:28,440: INFO [S1P3780]->UEBAMon.exe: CCDAGlobalHook::EnumNewProcesses 发现新进程 pid = 4816
2017-07-25 09:37:28,440: INFO [S1P3780]->UEBAMon.exe: CCDAGlobalHook::EnumNewProcesses 发现新进程 pid = 5076
2017-07-25 09:37:29,454: INFO [S1P3780]->UEBAMon.exe: CCDAGlobalHook::EnumNewProcesses 发现新进程 pid = 1484
2017-07-25 09:37:29,454: INFO [S1P3780]->UEBAMon.exe: CCDAGlobalHook::EnumNewProcesses 发现新进程 pid = 3096
2017-07-25 09:37:29,454: INFO [S1P3780]->UEBAMon.exe: CCDAGlobalHook::EnumNewProcesses 发现新进程 pid = 5040
2017-07-25 09:38:01,903: INFO [S1P3780]->UEBAMon.exe: CCDAGlobalHook::EnumNewProcesses 发现新进程 pid = 2720
2017-07-25 09:38:01,903: INFO [S1P3780]->UEBAMon.exe: CCDAGlobalHook::EnumNewProcesses 发现新进程 pid = 3256
2017-07-25 09:38:01,903: INFO [S1P3780]->UEBAMon.exe: CCDAGlobalHook::EnumNewProcesses 发现新进程 pid = 3600
2017-07-25 09:38:01,903: INFO [S1P3780]->UEBAMon.exe: CCDAGlobalHook::EnumNewProcesses 发现新进程 pid = 4572
2017-07-25 09:38:02,915: INFO [S1P3780]->UEBAMon.exe: CCDAGlobalHook::EnumNewProcesses 发现新进程 pid = 1472
2017-07-25 09:38:02,915: INFO [S1P3780]->UEBAMon.exe: CCDAGlobalHook::EnumNewProcesses 发现新进程 pid = 3272
2017-07-25 09:38:02,916: INFO [S1P3780]->UEBAMon.exe: CCDAGlobalHook::EnumNewProcesses 发现新进程 pid = 4280
2017-07-25 09:38:02,916: INFO [S1P3780]->UEBAMon.exe: CCDAGlobalHook::EnumNewProcesses 发现新进程 pid = 4520
2017-07-25 09:38:02,916: INFO [S1P3780]->UEBAMon.exe: CCDAGlobalHook::EnumNewProcesses 发现新进程 pid = 4548
2017-07-25 09:38:03,930: INFO [S1P3780]->UEBAMon.exe: CCDAGlobalHook::EnumNewProcesses 发现新进程 pid = 2884
2017-07-25 09:38:03,930: INFO [S1P3780]->UEBAMon.exe: CCDAGlobalHook::EnumNewProcesses 发现新进程 pid = 4416
2017-07-25 09:38:03,930: INFO [S1P3780]->UEBAMon.exe: CCDAGlobalHook::EnumNewProcesses 发现新进程 pid = 4868
2017-07-25 09:38:04,945: INFO [S1P3780]->UEBAMon.exe: CCDAGlobalHook::EnumNewProcesses 发现新进程 pid = 1856
2017-07-25 09:38:04,945: INFO [S1P3780]->UEBAMon.exe: CCDAGlobalHook::EnumNewProcesses 发现新进程 pid = 2952
2017-07-25 09:39:47,360: INFO [S1P3780]->UEBAMon.exe: CCDAGlobalHook::EnumNewProcesses 发现新进程 pid = 4372
2017-07-25 09:39:47,360: INFO [S1P3780]->UEBAMon.exe: CCDAGlobalHook::EnumNewProcesses 发现新进程 pid = 4920
2017-07-25 09:39:47,362: INFO [S1P3780]->UEBAMon.exe: CCDAGlobalHook::InjectDll 开始注入进程 iexplore.exe 4372 c:\ueba\plugin\Com.Isearch.Monitor.Iexplore\UEBAMonitorIexplore.dll
2017-07-25 09:39:47,460: INFO [S1P3780]->UEBAMon.exe: CCDAGlobalHook::InjectDll 开始注入进程 iexplore.exe 4920 c:\ueba\plugin\Com.Isearch.Monitor.Iexplore\UEBAMonitorIexplore.dll
2017-07-25 09:40:47,388: INFO [S1P3780]->UEBAMon.exe: CCDAGlobalHook::EnumNewProcesses 发现新进程 pid = 3184
2017-07-25 09:40:47,388: INFO [S1P3780]->UEBAMon.exe: CCDAGlobalHook::EnumNewProcesses 发现新进程 pid = 4484
2017-07-25 09:41:34,032: INFO [S1P3780]->UEBAMon.exe: CCDAGlobalHook::EnumNewProcesses 发现新进程 pid = 5016
2017-07-25 09:42:08,509: INFO [S1P3780]->UEBAMon.exe: CCDAGlobalHook::EnumNewProcesses 发现新进程 pid = 4952
2017-07-25 09:42:14,593: INFO [S1P3780]->UEBAMon.exe: CCDAGlobalHook::EnumNewProcesses 发现新进程 pid = 3968
2017-07-25 09:42:19,662: INFO [S1P3780]->UEBAMon.exe: CCDAGlobalHook::EnumNewProcesses 发现新进程 pid = 3080
2017-07-25 09:42:36,901: INFO [S1P3780]->UEBAMon.exe: CCDAGlobalHook::EnumNewProcesses 发现新进程 pid = 2692
2017-07-25 09:42:36,901: INFO [S1P3780]->UEBAMon.exe: CCDAGlobalHook::EnumNewProcesses 发现新进程 pid = 4140
2017-07-25 09:42:36,902: INFO [S1P3780]->UEBAMon.exe: CCDAGlobalHook::EnumNewProcesses 发现新进程 pid = 4880
2017-07-25 09:42:36,902: INFO [S1P3780]->UEBAMon.exe: CCDAGlobalHook::EnumNewProcesses 发现新进程 pid = 5032
2017-07-25 09:42:37,915: INFO [S1P3780]->UEBAMon.exe: CCDAGlobalHook::EnumNewProcesses 发现新进程 pid = 3252
2017-07-25 09:42:37,915: INFO [S1P3780]->UEBAMon.exe: CCDAGlobalHook::EnumNewProcesses 发现新进程 pid = 4180
2017-07-25 09:42:39,945: INFO [S1P3780]->UEBAMon.exe: CCDAGlobalHook::EnumNewProcesses 发现新进程 pid = 1064
2017-07-25 09:42:39,945: INFO [S1P3780]->UEBAMon.exe: CCDAGlobalHook::EnumNewProcesses 发现新进程 pid = 2256
2017-07-25 09:42:39,945: INFO [S1P3780]->UEBAMon.exe: CCDAGlobalHook::EnumNewProcesses 发现新进程 pid = 3312
2017-07-25 09:42:39,946: INFO [S1P3780]->UEBAMon.exe: CCDAGlobalHook::EnumNewProcesses 发现新进程 pid = 4648
2017-07-25 09:42:39,946: INFO [S1P3780]->UEBAMon.exe: CCDAGlobalHook::EnumNewProcesses 发现新进程 pid = 4856
2017-07-25 09:42:40,957: INFO [S1P3780]->UEBAMon.exe: CCDAGlobalHook::EnumNewProcesses 发现新进程 pid = 4908
2017-07-25 09:42:40,957: INFO [S1P3780]->UEBAMon.exe: CCDAGlobalHook::EnumNewProcesses 发现新进程 pid = 4916
2017-07-25 09:42:40,957: INFO [S1P3780]->UEBAMon.exe: CCDAGlobalHook::EnumNewProcesses 发现新进程 pid = 5064
2017-07-25 09:42:42,985: INFO [S1P3780]->UEBAMon.exe: CCDAGlobalHook::EnumNewProcesses 发现新进程 pid = 1016
2017-07-25 09:44:15,260: INFO [S1P3780]->UEBAMon.exe: CCDAGlobalHook::EnumNewProcesses 发现新进程 pid = 2856
2017-07-25 09:44:15,260: INFO [S1P3780]->UEBAMon.exe: CCDAGlobalHook::EnumNewProcesses 发现新进程 pid = 4948
2017-07-25 09:44:36,569: INFO [S1P3780]->UEBAMon.exe: CCDAGlobalHook::EnumNewProcesses 发现新进程 pid = 3236
2017-07-25 09:44:36,570: INFO [S1P3780]->UEBAMon.exe: CCDAGlobalHook::InjectDll 开始注入进程 iexplore.exe 3236 c:\ueba\plugin\Com.Isearch.Monitor.Iexplore\UEBAMonitorIexplore.dll
2017-07-25 09:44:51,825: INFO [S1P3780]->UEBAMon.exe: CCDAGlobalHook::EnumNewProcesses 发现新进程 pid = 592
2017-07-25 09:45:03,995: INFO [S1P3780]->UEBAMon.exe: CCDAGlobalHook::EnumNewProcesses 发现新进程 pid = 4220
2017-07-25 09:45:03,997: INFO [S1P3780]->UEBAMon.exe: CCDAGlobalHook::InjectDll 开始注入进程 iexplore.exe 4220 c:\ueba\plugin\Com.Isearch.Monitor.Iexplore\UEBAMonitorIexplore.dll
2017-07-25 09:45:05,010: INFO [S1P3780]->UEBAMon.exe: CCDAGlobalHook::EnumNewProcesses 发现新进程 pid = 992
2017-07-25 09:45:23,263: INFO [S1P3780]->UEBAMon.exe: CCDAGlobalHook::EnumNewProcesses 发现新进程 pid = 2084
2017-07-25 09:45:23,263: INFO [S1P3780]->UEBAMon.exe: CCDAGlobalHook::EnumNewProcesses 发现新进程 pid = 3156
2017-07-25 09:45:59,780: INFO [S1P3780]->UEBAMon.exe: CCDAGlobalHook::EnumNewProcesses 发现新进程 pid = 3656
2017-07-25 09:46:17,102: INFO [S1P3780]->UEBAMon.exe: CCDAGlobalHook::EnumNewProcesses 发现新进程 pid = 2856
2017-07-25 09:46:17,102: INFO [S1P3780]->UEBAMon.exe: CCDAGlobalHook::EnumNewProcesses 发现新进程 pid = 3024
2017-07-25 09:46:54,583: INFO [S1P3780]->UEBAMon.exe: CCDAGlobalHook::EnumNewProcesses 发现新进程 pid = 4996
2017-07-25 09:47:02,695: INFO [S1P3780]->UEBAMon.exe: CCDAGlobalHook::EnumNewProcesses 发现新进程 pid = 4200
2017-07-25 09:47:02,695: INFO [S1P3780]->UEBAMon.exe: CCDAGlobalHook::EnumNewProcesses 发现新进程 pid = 4652
2017-07-25 09:47:49,340: INFO [S1P3780]->UEBAMon.exe: CCDAGlobalHook::EnumNewProcesses 发现新进程 pid = 4436
2017-07-25 09:47:49,340: INFO [S1P3780]->UEBAMon.exe: CCDAGlobalHook::EnumNewProcesses 发现新进程 pid = 4964
2017-07-25 09:47:51,368: INFO [S1P3780]->UEBAMon.exe: CCDAGlobalHook::EnumNewProcesses 发现新进程 pid = 996
2017-07-25 09:47:51,368: INFO [S1P3780]->UEBAMon.exe: CCDAGlobalHook::EnumNewProcesses 发现新进程 pid = 2184
2017-07-25 09:51:36,492: INFO [S1P3780]->UEBAMon.exe: CCDAGlobalHook::EnumNewProcesses 发现新进程 pid = 3176
2017-07-25 09:51:36,492: INFO [S1P3780]->UEBAMon.exe: CCDAGlobalHook::EnumNewProcesses 发现新进程 pid = 4528
2017-07-25 09:56:07,356: INFO [S1P3780]->UEBAMon.exe: CCDAGlobalHook::EnumNewProcesses 发现新进程 pid = 3224
2017-07-25 09:56:07,356: INFO [S1P3780]->UEBAMon.exe: CCDAGlobalHook::EnumNewProcesses 发现新进程 pid = 4988
2017-07-25 09:56:46,904: INFO [S1P3780]->UEBAMon.exe: CCDAGlobalHook::EnumNewProcesses 发现新进程 pid = 4512
2017-07-25 09:57:20,366: INFO [S1P3780]->UEBAMon.exe: CCDAGlobalHook::EnumNewProcesses 发现新进程 pid = 3680
2017-07-25 09:57:20,367: INFO [S1P3780]->UEBAMon.exe: CCDAGlobalHook::EnumNewProcesses 发现新进程 pid = 3716
2017-07-25 09:59:55,508: INFO [S1P3780]->UEBAMon.exe: CCDAGlobalHook::EnumNewProcesses 发现新进程 pid = 3332
2017-07-25 09:59:55,508: INFO [S1P3780]->UEBAMon.exe: CCDAGlobalHook::EnumNewProcesses 发现新进程 pid = 3584
2017-07-25 09:59:55,508: INFO [S1P3780]->UEBAMon.exe: CCDAGlobalHook::EnumNewProcesses 发现新进程 pid = 4620
2017-07-25 09:59:55,508: INFO [S1P3780]->UEBAMon.exe: CCDAGlobalHook::EnumNewProcesses 发现新进程 pid = 4676
2017-07-25 09:59:55,508: INFO [S1P3780]->UEBAMon.exe: CCDAGlobalHook::EnumNewProcesses 发现新进程 pid = 4768
2017-07-25 09:59:56,527: INFO [S1P3780]->UEBAMon.exe: CCDAGlobalHook::EnumNewProcesses 发现新进程 pid = 3200
2017-07-25 09:59:56,527: INFO [S1P3780]->UEBAMon.exe: CCDAGlobalHook::EnumNewProcesses 发现新进程 pid = 4764
2017-07-25 09:59:57,535: INFO [S1P3780]->UEBAMon.exe: CCDAGlobalHook::EnumNewProcesses 发现新进程 pid = 2028
2017-07-25 09:59:57,536: INFO [S1P3780]->UEBAMon.exe: CCDAGlobalHook::EnumNewProcesses 发现新进程 pid = 2464
2017-07-25 09:59:57,536: INFO [S1P3780]->UEBAMon.exe: CCDAGlobalHook::EnumNewProcesses 发现新进程 pid = 3680
2017-07-25 09:59:57,536: INFO [S1P3780]->UEBAMon.exe: CCDAGlobalHook::EnumNewProcesses 发现新进程 pid = 3716
2017-07-25 09:59:57,536: INFO [S1P3780]->UEBAMon.exe: CCDAGlobalHook::EnumNewProcesses 发现新进程 pid = 3968
2017-07-25 09:59:57,540: INFO [S1P3780]->UEBAMon.exe: CCDAGlobalHook::EnumNewProcesses 发现新进程 pid = 4504
2017-07-25 09:59:58,554: INFO [S1P3780]->UEBAMon.exe: CCDAGlobalHook::EnumNewProcesses 发现新进程 pid = 4084
2017-07-25 09:59:58,555: INFO [S1P3780]->UEBAMon.exe: CCDAGlobalHook::EnumNewProcesses 发现新进程 pid = 4368
2017-07-25 09:59:58,555: INFO [S1P3780]->UEBAMon.exe: CCDAGlobalHook::EnumNewProcesses 发现新进程 pid = 4460
2017-07-25 10:04:43,502: INFO [S1P3780]->UEBAMon.exe: CCDAGlobalHook::EnumNewProcesses 发现新进程 pid = 776
2017-07-25 10:04:43,502: INFO [S1P3780]->UEBAMon.exe: CCDAGlobalHook::EnumNewProcesses 发现新进程 pid = 1600
2017-07-25 10:04:43,502: INFO [S1P3780]->UEBAMon.exe: CCDAGlobalHook::EnumNewProcesses 发现新进程 pid = 2028
2017-07-25 10:04:43,502: INFO [S1P3780]->UEBAMon.exe: CCDAGlobalHook::EnumNewProcesses 发现新进程 pid = 4052
2017-07-25 10:04:44,502: INFO [S1P3780]->UEBAMon.exe: CCDAGlobalHook::EnumNewProcesses 发现新进程 pid = 4456
2017-07-25 10:04:45,514: INFO [S1P3780]->UEBAMon.exe: CCDAGlobalHook::EnumNewProcesses 发现新进程 pid = 1340
2017-07-25 10:04:45,514: INFO [S1P3780]->UEBAMon.exe: CCDAGlobalHook::EnumNewProcesses 发现新进程 pid = 3140
2017-07-25 10:04:45,514: INFO [S1P3780]->UEBAMon.exe: CCDAGlobalHook::EnumNewProcesses 发现新进程 pid = 3184
2017-07-25 10:04:45,514: INFO [S1P3780]->UEBAMon.exe: CCDAGlobalHook::EnumNewProcesses 发现新进程 pid = 4768
2017-07-25 10:04:45,514: INFO [S1P3780]->UEBAMon.exe: CCDAGlobalHook::EnumNewProcesses 发现新进程 pid = 4972
2017-07-25 10:04:46,528: INFO [S1P3780]->UEBAMon.exe: CCDAGlobalHook::EnumNewProcesses 发现新进程 pid = 2172
2017-07-25 10:04:46,528: INFO [S1P3780]->UEBAMon.exe: CCDAGlobalHook::EnumNewProcesses 发现新进程 pid = 2600
2017-07-25 10:04:46,528: INFO [S1P3780]->UEBAMon.exe: CCDAGlobalHook::EnumNewProcesses 发现新进程 pid = 4864
2017-07-25 10:04:57,686: INFO [S1P3780]->UEBAMon.exe: CCDAGlobalHook::EnumNewProcesses 发现新进程 pid = 384
2017-07-25 10:04:57,686: INFO [S1P3780]->UEBAMon.exe: CCDAGlobalHook::EnumNewProcesses 发现新进程 pid = 1828
2017-07-25 10:04:57,686: INFO [S1P3780]->UEBAMon.exe: CCDAGlobalHook::EnumNewProcesses 发现新进程 pid = 2868
2017-07-25 10:04:57,686: INFO [S1P3780]->UEBAMon.exe: CCDAGlobalHook::EnumNewProcesses 发现新进程 pid = 3652
2017-07-25 10:04:57,686: INFO [S1P3780]->UEBAMon.exe: CCDAGlobalHook::EnumNewProcesses 发现新进程 pid = 4624
2017-07-25 10:04:58,699: INFO [S1P3780]->UEBAMon.exe: CCDAGlobalHook::EnumNewProcesses 发现新进程 pid = 3220
2017-07-25 10:04:58,699: INFO [S1P3780]->UEBAMon.exe: CCDAGlobalHook::EnumNewProcesses 发现新进程 pid = 4248
2017-07-25 10:04:59,710: INFO [S1P3780]->UEBAMon.exe: CCDAGlobalHook::EnumNewProcesses 发现新进程 pid = 2028
2017-07-25 10:04:59,710: INFO [S1P3780]->UEBAMon.exe: CCDAGlobalHook::EnumNewProcesses 发现新进程 pid = 2568
2017-07-25 10:04:59,710: INFO [S1P3780]->UEBAMon.exe: CCDAGlobalHook::EnumNewProcesses 发现新进程 pid = 3232
2017-07-25 10:04:59,710: INFO [S1P3780]->UEBAMon.exe: CCDAGlobalHook::EnumNewProcesses 发现新进程 pid = 3260
2017-07-25 10:04:59,710: INFO [S1P3780]->UEBAMon.exe: CCDAGlobalHook::EnumNewProcesses 发现新进程 pid = 3448
2017-07-25 10:05:00,725: INFO [S1P3780]->UEBAMon.exe: CCDAGlobalHook::EnumNewProcesses 发现新进程 pid = 1272
2017-07-25 10:05:00,725: INFO [S1P3780]->UEBAMon.exe: CCDAGlobalHook::EnumNewProcesses 发现新进程 pid = 2004
2017-07-25 10:05:00,725: INFO [S1P3780]->UEBAMon.exe: CCDAGlobalHook::EnumNewProcesses 发现新进程 pid = 4300
2017-07-25 10:05:02,756: INFO [S1P3780]->UEBAMon.exe: CCDAGlobalHook::EnumNewProcesses 发现新进程 pid = 2024
2017-07-25 10:05:02,756: INFO [S1P3780]->UEBAMon.exe: CCDAGlobalHook::EnumNewProcesses 发现新进程 pid = 3752
2017-07-25 10:05:02,756: INFO [S1P3780]->UEBAMon.exe: CCDAGlobalHook::EnumNewProcesses 发现新进程 pid = 4484
2017-07-25 10:05:02,756: INFO [S1P3780]->UEBAMon.exe: CCDAGlobalHook::EnumNewProcesses 发现新进程 pid = 4956
2017-07-25 10:07:13,029: INFO [S1P3780]->UEBAMon.exe: CCDAGlobalHook::EnumNewProcesses 发现新进程 pid = 1380
2017-07-25 10:07:13,029: INFO [S1P3780]->UEBAMon.exe: CCDAGlobalHook::EnumNewProcesses 发现新进程 pid = 4684
2017-07-25 10:07:17,086: INFO [S1P3780]->UEBAMon.exe: CCDAGlobalHook::EnumNewProcesses 发现新进程 pid = 4772
2017-07-25 10:07:18,099: INFO [S1P3780]->UEBAMon.exe: CCDAGlobalHook::EnumNewProcesses 发现新进程 pid = 4444
2017-07-25 10:07:18,100: INFO [S1P3780]->UEBAMon.exe: CCDAGlobalHook::InjectDll 开始注入进程 iexplore.exe 4444 c:\ueba\plugin\Com.Isearch.Monitor.Iexplore\UEBAMonitorIexplore.dll
2017-07-25 10:07:40,439: INFO [S1P3780]->UEBAMon.exe: CCDAGlobalHook::EnumNewProcesses 发现新进程 pid = 2576
2017-07-25 10:07:40,439: INFO [S1P3780]->UEBAMon.exe: CCDAGlobalHook::EnumNewProcesses 发现新进程 pid = 5088
2017-07-25 10:08:16,943: INFO [S1P3780]->UEBAMon.exe: CCDAGlobalHook::EnumNewProcesses 发现新进程 pid = 4924
2017-07-25 10:08:47,363: INFO [S1P3780]->UEBAMon.exe: CCDAGlobalHook::EnumNewProcesses 发现新进程 pid = 3116
